The system is: Linux - 3.6.11-gentoo - x86_64
Compiling the C compiler identification source file "CMakeCCompilerId.c" succeeded.
Compiler: /usr/bin/gcc 
Build flags: 
Id flags: 

The output was:
0


Compilation of the C compiler identification source "CMakeCCompilerId.c" produced "a.out"

The C compiler identification is GNU, found in "/home/patrick/projects/Sabina/Skeleton_writer/CMakeFiles/CompilerIdC/a.out"

Compiling the CXX compiler identification source file "CMakeCXXCompilerId.cpp" succeeded.
Compiler: /usr/bin/c++ 
Build flags: 
Id flags: 

The output was:
0


Compilation of the CXX compiler identification source "CMakeCXXCompilerId.cpp" produced "a.out"

The CXX compiler identification is GNU, found in "/home/patrick/projects/Sabina/Skeleton_writer/CMakeFiles/CompilerIdCXX/a.out"

Determining if the C compiler works passed with the following output:
Change Dir: /home/patrick/projects/Sabina/Skeleton_writer/CMakeFiles/CMakeTmp

Run Build Command:/usr/bin/gmake "cmTryCompileExec2724432766/fast"
/usr/bin/gmake -f CMakeFiles/cmTryCompileExec2724432766.dir/build.make CMakeFiles/cmTryCompileExec2724432766.dir/build
gmake[1]: se ingresa al directorio `/home/patrick/projects/Sabina/Skeleton_writer/CMakeFiles/CMakeTmp'
/usr/bin/cmake -E cmake_progress_report /home/patrick/projects/Sabina/Skeleton_writer/CMakeFiles/CMakeTmp/CMakeFiles 1
Building C object CMakeFiles/cmTryCompileExec2724432766.dir/testCCompiler.c.o
/usr/bin/gcc    -o CMakeFiles/cmTryCompileExec2724432766.dir/testCCompiler.c.o   -c /home/patrick/projects/Sabina/Skeleton_writer/CMakeFiles/CMakeTmp/testCCompiler.c
Linking C executable cmTryCompileExec2724432766
/usr/bin/cmake -E cmake_link_script CMakeFiles/cmTryCompileExec2724432766.dir/link.txt --verbose=1
/usr/bin/gcc         CMakeFiles/cmTryCompileExec2724432766.dir/testCCompiler.c.o  -o cmTryCompileExec2724432766 -rdynamic 
gmake[1]: se sale del directorio `/home/patrick/projects/Sabina/Skeleton_writer/CMakeFiles/CMakeTmp'


Detecting C compiler ABI info compiled with the following output:
Change Dir: /home/patrick/projects/Sabina/Skeleton_writer/CMakeFiles/CMakeTmp

Run Build Command:/usr/bin/gmake "cmTryCompileExec523158678/fast"
/usr/bin/gmake -f CMakeFiles/cmTryCompileExec523158678.dir/build.make CMakeFiles/cmTryCompileExec523158678.dir/build
gmake[1]: se ingresa al directorio `/home/patrick/projects/Sabina/Skeleton_writer/CMakeFiles/CMakeTmp'
/usr/bin/cmake -E cmake_progress_report /home/patrick/projects/Sabina/Skeleton_writer/CMakeFiles/CMakeTmp/CMakeFiles 1
Building C object CMakeFiles/cmTryCompileExec523158678.dir/CMakeCCompilerABI.c.o
/usr/bin/gcc    -o CMakeFiles/cmTryCompileExec523158678.dir/CMakeCCompilerABI.c.o   -c /usr/share/cmake/Modules/CMakeCCompilerABI.c
Linking C executable cmTryCompileExec523158678
/usr/bin/cmake -E cmake_link_script CMakeFiles/cmTryCompileExec523158678.dir/link.txt --verbose=1
/usr/bin/gcc       -v CMakeFiles/cmTryCompileExec523158678.dir/CMakeCCompilerABI.c.o  -o cmTryCompileExec523158678 -rdynamic  
Usando especificaciones internas.
COLLECT_GCC=/usr/x86_64-pc-linux-gnu/gcc-bin/4.6.3/gcc
COLLECT_LTO_WRAPPER=/usr/libexec/gcc/x86_64-pc-linux-gnu/4.6.3/lto-wrapper
Objetivo: x86_64-pc-linux-gnu
Configurado con: /var/tmp/portage/sys-devel/gcc-4.6.3/work/gcc-4.6.3/configure --prefix=/usr --bindir=/usr/x86_64-pc-linux-gnu/gcc-bin/4.6.3 --includedir=/usr/lib/gcc/x86_64-pc-linux-gnu/4.6.3/include --datadir=/usr/share/gcc-data/x86_64-pc-linux-gnu/4.6.3 --mandir=/usr/share/gcc-data/x86_64-pc-linux-gnu/4.6.3/man --infodir=/usr/share/gcc-data/x86_64-pc-linux-gnu/4.6.3/info --with-gxx-include-dir=/usr/lib/gcc/x86_64-pc-linux-gnu/4.6.3/include/g++-v4 --host=x86_64-pc-linux-gnu --build=x86_64-pc-linux-gnu --disable-altivec --disable-fixed-point --without-ppl --without-cloog --enable-lto --enable-nls --without-included-gettext --with-system-zlib --enable-obsolete --disable-werror --enable-secureplt --enable-multilib --enable-libmudflap --disable-libssp --enable-libgomp --with-python-dir=/share/gcc-data/x86_64-pc-linux-gnu/4.6.3/python --enable-checking=release --disable-libgcj --enable-libstdcxx-time --enable-languages=c,c++,fortran --enable-shared --enable-threads=posix --enable-__cxa_atexit --enable-clocale=gnu --enable-targets=all --with-bugurl=http://bugs.gentoo.org/ --with-pkgversion='Gentoo 4.6.3 p1.11, pie-0.5.2'
Modelo de hilos: posix
gcc versi贸n 4.6.3 (Gentoo 4.6.3 p1.11, pie-0.5.2) 
COMPILER_PATH=/usr/libexec/gcc/x86_64-pc-linux-gnu/4.6.3/:/usr/libexec/gcc/x86_64-pc-linux-gnu/4.6.3/:/usr/libexec/gcc/x86_64-pc-linux-gnu/:/usr/lib/gcc/x86_64-pc-linux-gnu/4.6.3/:/usr/lib/gcc/x86_64-pc-linux-gnu/:/usr/lib/gcc/x86_64-pc-linux-gnu/4.6.3/../../../../x86_64-pc-linux-gnu/bin/
LIBRARY_PATH=/usr/lib/gcc/x86_64-pc-linux-gnu/4.6.3/:/usr/lib/gcc/x86_64-pc-linux-gnu/4.6.3/../../../../lib64/:/lib/../lib64/:/usr/lib/../lib64/:/usr/lib/gcc/x86_64-pc-linux-gnu/4.6.3/../../../../x86_64-pc-linux-gnu/lib/:/usr/lib/gcc/x86_64-pc-linux-gnu/4.6.3/../../../:/lib/:/usr/lib/
COLLECT_GCC_OPTIONS='-v' '-o' 'cmTryCompileExec523158678' '-rdynamic' '-mtune=generic' '-march=x86-64'
 /usr/libexec/gcc/x86_64-pc-linux-gnu/4.6.3/collect2 --eh-frame-hdr -m elf_x86_64 -export-dynamic -dynamic-linker /lib64/ld-linux-x86-64.so.2 -o cmTryCompileExec523158678 /usr/lib/gcc/x86_64-pc-linux-gnu/4.6.3/../../../../lib64/crt1.o /usr/lib/gcc/x86_64-pc-linux-gnu/4.6.3/../../../../lib64/crti.o /usr/lib/gcc/x86_64-pc-linux-gnu/4.6.3/crtbegin.o -L/usr/lib/gcc/x86_64-pc-linux-gnu/4.6.3 -L/usr/lib/gcc/x86_64-pc-linux-gnu/4.6.3/../../../../lib64 -L/lib/../lib64 -L/usr/lib/../lib64 -L/usr/lib/gcc/x86_64-pc-linux-gnu/4.6.3/../../../../x86_64-pc-linux-gnu/lib -L/usr/lib/gcc/x86_64-pc-linux-gnu/4.6.3/../../.. CMakeFiles/cmTryCompileExec523158678.dir/CMakeCCompilerABI.c.o -lgcc --as-needed -lgcc_s --no-as-needed -lc -lgcc --as-needed -lgcc_s --no-as-needed /usr/lib/gcc/x86_64-pc-linux-gnu/4.6.3/crtend.o /usr/lib/gcc/x86_64-pc-linux-gnu/4.6.3/../../../../lib64/crtn.o
gmake[1]: se sale del directorio `/home/patrick/projects/Sabina/Skeleton_writer/CMakeFiles/CMakeTmp'


Parsed C implicit link information from above output:
  link line regex: [^( *|.*[/\])(ld|ld|collect2)[^/\]*( |$)]
  ignore line: [Change Dir: /home/patrick/projects/Sabina/Skeleton_writer/CMakeFiles/CMakeTmp]
  ignore line: []
  ignore line: [Run Build Command:/usr/bin/gmake "cmTryCompileExec523158678/fast"]
  ignore line: [/usr/bin/gmake -f CMakeFiles/cmTryCompileExec523158678.dir/build.make CMakeFiles/cmTryCompileExec523158678.dir/build]
  ignore line: [gmake[1]: se ingresa al directorio `/home/patrick/projects/Sabina/Skeleton_writer/CMakeFiles/CMakeTmp']
  ignore line: [/usr/bin/cmake -E cmake_progress_report /home/patrick/projects/Sabina/Skeleton_writer/CMakeFiles/CMakeTmp/CMakeFiles 1]
  ignore line: [Building C object CMakeFiles/cmTryCompileExec523158678.dir/CMakeCCompilerABI.c.o]
  ignore line: [/usr/bin/gcc    -o CMakeFiles/cmTryCompileExec523158678.dir/CMakeCCompilerABI.c.o   -c /usr/share/cmake/Modules/CMakeCCompilerABI.c]
  ignore line: [Linking C executable cmTryCompileExec523158678]
  ignore line: [/usr/bin/cmake -E cmake_link_script CMakeFiles/cmTryCompileExec523158678.dir/link.txt --verbose=1]
  ignore line: [/usr/bin/gcc       -v CMakeFiles/cmTryCompileExec523158678.dir/CMakeCCompilerABI.c.o  -o cmTryCompileExec523158678 -rdynamic  ]
  ignore line: [Usando especificaciones internas.]
  ignore line: [COLLECT_GCC=/usr/x86_64-pc-linux-gnu/gcc-bin/4.6.3/gcc]
  ignore line: [COLLECT_LTO_WRAPPER=/usr/libexec/gcc/x86_64-pc-linux-gnu/4.6.3/lto-wrapper]
  ignore line: [Objetivo: x86_64-pc-linux-gnu]
  ignore line: [Configurado con: /var/tmp/portage/sys-devel/gcc-4.6.3/work/gcc-4.6.3/configure --prefix=/usr --bindir=/usr/x86_64-pc-linux-gnu/gcc-bin/4.6.3 --includedir=/usr/lib/gcc/x86_64-pc-linux-gnu/4.6.3/include --datadir=/usr/share/gcc-data/x86_64-pc-linux-gnu/4.6.3 --mandir=/usr/share/gcc-data/x86_64-pc-linux-gnu/4.6.3/man --infodir=/usr/share/gcc-data/x86_64-pc-linux-gnu/4.6.3/info --with-gxx-include-dir=/usr/lib/gcc/x86_64-pc-linux-gnu/4.6.3/include/g++-v4 --host=x86_64-pc-linux-gnu --build=x86_64-pc-linux-gnu --disable-altivec --disable-fixed-point --without-ppl --without-cloog --enable-lto --enable-nls --without-included-gettext --with-system-zlib --enable-obsolete --disable-werror --enable-secureplt --enable-multilib --enable-libmudflap --disable-libssp --enable-libgomp --with-python-dir=/share/gcc-data/x86_64-pc-linux-gnu/4.6.3/python --enable-checking=release --disable-libgcj --enable-libstdcxx-time --enable-languages=c,c++,fortran --enable-shared --enable-threads=posix --enable-__cxa_atexit --enable-clocale=gnu --enable-targets=all --with-bugurl=http://bugs.gentoo.org/ --with-pkgversion='Gentoo 4.6.3 p1.11, pie-0.5.2']
  ignore line: [Modelo de hilos: posix]
  ignore line: [gcc versi贸n 4.6.3 (Gentoo 4.6.3 p1.11, pie-0.5.2) ]
  ignore line: [COMPILER_PATH=/usr/libexec/gcc/x86_64-pc-linux-gnu/4.6.3/:/usr/libexec/gcc/x86_64-pc-linux-gnu/4.6.3/:/usr/libexec/gcc/x86_64-pc-linux-gnu/:/usr/lib/gcc/x86_64-pc-linux-gnu/4.6.3/:/usr/lib/gcc/x86_64-pc-linux-gnu/:/usr/lib/gcc/x86_64-pc-linux-gnu/4.6.3/../../../../x86_64-pc-linux-gnu/bin/]
  ignore line: [LIBRARY_PATH=/usr/lib/gcc/x86_64-pc-linux-gnu/4.6.3/:/usr/lib/gcc/x86_64-pc-linux-gnu/4.6.3/../../../../lib64/:/lib/../lib64/:/usr/lib/../lib64/:/usr/lib/gcc/x86_64-pc-linux-gnu/4.6.3/../../../../x86_64-pc-linux-gnu/lib/:/usr/lib/gcc/x86_64-pc-linux-gnu/4.6.3/../../../:/lib/:/usr/lib/]
  ignore line: [COLLECT_GCC_OPTIONS='-v' '-o' 'cmTryCompileExec523158678' '-rdynamic' '-mtune=generic' '-march=x86-64']
  link line: [ /usr/libexec/gcc/x86_64-pc-linux-gnu/4.6.3/collect2 --eh-frame-hdr -m elf_x86_64 -export-dynamic -dynamic-linker /lib64/ld-linux-x86-64.so.2 -o cmTryCompileExec523158678 /usr/lib/gcc/x86_64-pc-linux-gnu/4.6.3/../../../../lib64/crt1.o /usr/lib/gcc/x86_64-pc-linux-gnu/4.6.3/../../../../lib64/crti.o /usr/lib/gcc/x86_64-pc-linux-gnu/4.6.3/crtbegin.o -L/usr/lib/gcc/x86_64-pc-linux-gnu/4.6.3 -L/usr/lib/gcc/x86_64-pc-linux-gnu/4.6.3/../../../../lib64 -L/lib/../lib64 -L/usr/lib/../lib64 -L/usr/lib/gcc/x86_64-pc-linux-gnu/4.6.3/../../../../x86_64-pc-linux-gnu/lib -L/usr/lib/gcc/x86_64-pc-linux-gnu/4.6.3/../../.. CMakeFiles/cmTryCompileExec523158678.dir/CMakeCCompilerABI.c.o -lgcc --as-needed -lgcc_s --no-as-needed -lc -lgcc --as-needed -lgcc_s --no-as-needed /usr/lib/gcc/x86_64-pc-linux-gnu/4.6.3/crtend.o /usr/lib/gcc/x86_64-pc-linux-gnu/4.6.3/../../../../lib64/crtn.o]
    arg [/usr/libexec/gcc/x86_64-pc-linux-gnu/4.6.3/collect2] ==> ignore
    arg [--eh-frame-hdr] ==> ignore
    arg [-m] ==> ignore
    arg [elf_x86_64] ==> ignore
    arg [-export-dynamic] ==> ignore
    arg [-dynamic-linker] ==> ignore
    arg [/lib64/ld-linux-x86-64.so.2] ==> ignore
    arg [-o] ==> ignore
    arg [cmTryCompileExec523158678] ==> ignore
    arg [/usr/lib/gcc/x86_64-pc-linux-gnu/4.6.3/../../../../lib64/crt1.o] ==> ignore
    arg [/usr/lib/gcc/x86_64-pc-linux-gnu/4.6.3/../../../../lib64/crti.o] ==> ignore
    arg [/usr/lib/gcc/x86_64-pc-linux-gnu/4.6.3/crtbegin.o] ==> ignore
    arg [-L/usr/lib/gcc/x86_64-pc-linux-gnu/4.6.3] ==> dir [/usr/lib/gcc/x86_64-pc-linux-gnu/4.6.3]
    arg [-L/usr/lib/gcc/x86_64-pc-linux-gnu/4.6.3/../../../../lib64] ==> dir [/usr/lib/gcc/x86_64-pc-linux-gnu/4.6.3/../../../../lib64]
    arg [-L/lib/../lib64] ==> dir [/lib/../lib64]
    arg [-L/usr/lib/../lib64] ==> dir [/usr/lib/../lib64]
    arg [-L/usr/lib/gcc/x86_64-pc-linux-gnu/4.6.3/../../../../x86_64-pc-linux-gnu/lib] ==> dir [/usr/lib/gcc/x86_64-pc-linux-gnu/4.6.3/../../../../x86_64-pc-linux-gnu/lib]
    arg [-L/usr/lib/gcc/x86_64-pc-linux-gnu/4.6.3/../../..] ==> dir [/usr/lib/gcc/x86_64-pc-linux-gnu/4.6.3/../../..]
    arg [CMakeFiles/cmTryCompileExec523158678.dir/CMakeCCompilerABI.c.o] ==> ignore
    arg [-lgcc] ==> lib [gcc]
    arg [--as-needed] ==> ignore
    arg [-lgcc_s] ==> lib [gcc_s]
    arg [--no-as-needed] ==> ignore
    arg [-lc] ==> lib [c]
    arg [-lgcc] ==> lib [gcc]
    arg [--as-needed] ==> ignore
    arg [-lgcc_s] ==> lib [gcc_s]
    arg [--no-as-needed] ==> ignore
    arg [/usr/lib/gcc/x86_64-pc-linux-gnu/4.6.3/crtend.o] ==> ignore
    arg [/usr/lib/gcc/x86_64-pc-linux-gnu/4.6.3/../../../../lib64/crtn.o] ==> ignore
  remove lib [gcc]
  remove lib [gcc_s]
  remove lib [gcc]
  remove lib [gcc_s]
  collapse dir [/usr/lib/gcc/x86_64-pc-linux-gnu/4.6.3] ==> [/usr/lib/gcc/x86_64-pc-linux-gnu/4.6.3]
  collapse dir [/usr/lib/gcc/x86_64-pc-linux-gnu/4.6.3/../../../../lib64] ==> [/usr/lib64]
  collapse dir [/lib/../lib64] ==> [/lib64]
  collapse dir [/usr/lib/../lib64] ==> [/usr/lib64]
  collapse dir [/usr/lib/gcc/x86_64-pc-linux-gnu/4.6.3/../../../../x86_64-pc-linux-gnu/lib] ==> [/usr/x86_64-pc-linux-gnu/lib]
  collapse dir [/usr/lib/gcc/x86_64-pc-linux-gnu/4.6.3/../../..] ==> [/usr/lib]
  implicit libs: [c]
  implicit dirs: [/usr/lib/gcc/x86_64-pc-linux-gnu/4.6.3;/usr/lib64;/lib64;/usr/x86_64-pc-linux-gnu/lib;/usr/lib]


Determining if the CXX compiler works passed with the following output:
Change Dir: /home/patrick/projects/Sabina/Skeleton_writer/CMakeFiles/CMakeTmp

Run Build Command:/usr/bin/gmake "cmTryCompileExec3292783267/fast"
/usr/bin/gmake -f CMakeFiles/cmTryCompileExec3292783267.dir/build.make CMakeFiles/cmTryCompileExec3292783267.dir/build
gmake[1]: se ingresa al directorio `/home/patrick/projects/Sabina/Skeleton_writer/CMakeFiles/CMakeTmp'
/usr/bin/cmake -E cmake_progress_report /home/patrick/projects/Sabina/Skeleton_writer/CMakeFiles/CMakeTmp/CMakeFiles 1
Building CXX object CMakeFiles/cmTryCompileExec3292783267.dir/testCXXCompiler.cxx.o
/usr/bin/c++     -o CMakeFiles/cmTryCompileExec3292783267.dir/testCXXCompiler.cxx.o -c /home/patrick/projects/Sabina/Skeleton_writer/CMakeFiles/CMakeTmp/testCXXCompiler.cxx
Linking CXX executable cmTryCompileExec3292783267
/usr/bin/cmake -E cmake_link_script CMakeFiles/cmTryCompileExec3292783267.dir/link.txt --verbose=1
/usr/bin/c++          CMakeFiles/cmTryCompileExec3292783267.dir/testCXXCompiler.cxx.o  -o cmTryCompileExec3292783267 -rdynamic 
gmake[1]: se sale del directorio `/home/patrick/projects/Sabina/Skeleton_writer/CMakeFiles/CMakeTmp'


Detecting CXX compiler ABI info compiled with the following output:
Change Dir: /home/patrick/projects/Sabina/Skeleton_writer/CMakeFiles/CMakeTmp

Run Build Command:/usr/bin/gmake "cmTryCompileExec1825886107/fast"
/usr/bin/gmake -f CMakeFiles/cmTryCompileExec1825886107.dir/build.make CMakeFiles/cmTryCompileExec1825886107.dir/build
gmake[1]: se ingresa al directorio `/home/patrick/projects/Sabina/Skeleton_writer/CMakeFiles/CMakeTmp'
/usr/bin/cmake -E cmake_progress_report /home/patrick/projects/Sabina/Skeleton_writer/CMakeFiles/CMakeTmp/CMakeFiles 1
Building CXX object CMakeFiles/cmTryCompileExec1825886107.dir/CMakeCXXCompilerABI.cpp.o
/usr/bin/c++     -o CMakeFiles/cmTryCompileExec1825886107.dir/CMakeCXXCompilerABI.cpp.o -c /usr/share/cmake/Modules/CMakeCXXCompilerABI.cpp
Linking CXX executable cmTryCompileExec1825886107
/usr/bin/cmake -E cmake_link_script CMakeFiles/cmTryCompileExec1825886107.dir/link.txt --verbose=1
/usr/bin/c++        -v CMakeFiles/cmTryCompileExec1825886107.dir/CMakeCXXCompilerABI.cpp.o  -o cmTryCompileExec1825886107 -rdynamic  
Usando especificaciones internas.
COLLECT_GCC=/usr/x86_64-pc-linux-gnu/gcc-bin/4.6.3/c++
COLLECT_LTO_WRAPPER=/usr/libexec/gcc/x86_64-pc-linux-gnu/4.6.3/lto-wrapper
Objetivo: x86_64-pc-linux-gnu
Configurado con: /var/tmp/portage/sys-devel/gcc-4.6.3/work/gcc-4.6.3/configure --prefix=/usr --bindir=/usr/x86_64-pc-linux-gnu/gcc-bin/4.6.3 --includedir=/usr/lib/gcc/x86_64-pc-linux-gnu/4.6.3/include --datadir=/usr/share/gcc-data/x86_64-pc-linux-gnu/4.6.3 --mandir=/usr/share/gcc-data/x86_64-pc-linux-gnu/4.6.3/man --infodir=/usr/share/gcc-data/x86_64-pc-linux-gnu/4.6.3/info --with-gxx-include-dir=/usr/lib/gcc/x86_64-pc-linux-gnu/4.6.3/include/g++-v4 --host=x86_64-pc-linux-gnu --build=x86_64-pc-linux-gnu --disable-altivec --disable-fixed-point --without-ppl --without-cloog --enable-lto --enable-nls --without-included-gettext --with-system-zlib --enable-obsolete --disable-werror --enable-secureplt --enable-multilib --enable-libmudflap --disable-libssp --enable-libgomp --with-python-dir=/share/gcc-data/x86_64-pc-linux-gnu/4.6.3/python --enable-checking=release --disable-libgcj --enable-libstdcxx-time --enable-languages=c,c++,fortran --enable-shared --enable-threads=posix --enable-__cxa_atexit --enable-clocale=gnu --enable-targets=all --with-bugurl=http://bugs.gentoo.org/ --with-pkgversion='Gentoo 4.6.3 p1.11, pie-0.5.2'
Modelo de hilos: posix
gcc versi贸n 4.6.3 (Gentoo 4.6.3 p1.11, pie-0.5.2) 
COMPILER_PATH=/usr/libexec/gcc/x86_64-pc-linux-gnu/4.6.3/:/usr/libexec/gcc/x86_64-pc-linux-gnu/4.6.3/:/usr/libexec/gcc/x86_64-pc-linux-gnu/:/usr/lib/gcc/x86_64-pc-linux-gnu/4.6.3/:/usr/lib/gcc/x86_64-pc-linux-gnu/:/usr/lib/gcc/x86_64-pc-linux-gnu/4.6.3/../../../../x86_64-pc-linux-gnu/bin/
LIBRARY_PATH=/usr/lib/gcc/x86_64-pc-linux-gnu/4.6.3/:/usr/lib/gcc/x86_64-pc-linux-gnu/4.6.3/../../../../lib64/:/lib/../lib64/:/usr/lib/../lib64/:/usr/lib/gcc/x86_64-pc-linux-gnu/4.6.3/../../../../x86_64-pc-linux-gnu/lib/:/usr/lib/gcc/x86_64-pc-linux-gnu/4.6.3/../../../:/lib/:/usr/lib/
COLLECT_GCC_OPTIONS='-v' '-o' 'cmTryCompileExec1825886107' '-rdynamic' '-shared-libgcc' '-mtune=generic' '-march=x86-64'
 /usr/libexec/gcc/x86_64-pc-linux-gnu/4.6.3/collect2 --eh-frame-hdr -m elf_x86_64 -export-dynamic -dynamic-linker /lib64/ld-linux-x86-64.so.2 -o cmTryCompileExec1825886107 /usr/lib/gcc/x86_64-pc-linux-gnu/4.6.3/../../../../lib64/crt1.o /usr/lib/gcc/x86_64-pc-linux-gnu/4.6.3/../../../../lib64/crti.o /usr/lib/gcc/x86_64-pc-linux-gnu/4.6.3/crtbegin.o -L/usr/lib/gcc/x86_64-pc-linux-gnu/4.6.3 -L/usr/lib/gcc/x86_64-pc-linux-gnu/4.6.3/../../../../lib64 -L/lib/../lib64 -L/usr/lib/../lib64 -L/usr/lib/gcc/x86_64-pc-linux-gnu/4.6.3/../../../../x86_64-pc-linux-gnu/lib -L/usr/lib/gcc/x86_64-pc-linux-gnu/4.6.3/../../.. CMakeFiles/cmTryCompileExec1825886107.dir/CMakeCXXCompilerABI.cpp.o -lstdc++ -lm -lgcc_s -lgcc -lc -lgcc_s -lgcc /usr/lib/gcc/x86_64-pc-linux-gnu/4.6.3/crtend.o /usr/lib/gcc/x86_64-pc-linux-gnu/4.6.3/../../../../lib64/crtn.o
gmake[1]: se sale del directorio `/home/patrick/projects/Sabina/Skeleton_writer/CMakeFiles/CMakeTmp'


Parsed CXX implicit link information from above output:
  link line regex: [^( *|.*[/\])(ld|ld|collect2)[^/\]*( |$)]
  ignore line: [Change Dir: /home/patrick/projects/Sabina/Skeleton_writer/CMakeFiles/CMakeTmp]
  ignore line: []
  ignore line: [Run Build Command:/usr/bin/gmake "cmTryCompileExec1825886107/fast"]
  ignore line: [/usr/bin/gmake -f CMakeFiles/cmTryCompileExec1825886107.dir/build.make CMakeFiles/cmTryCompileExec1825886107.dir/build]
  ignore line: [gmake[1]: se ingresa al directorio `/home/patrick/projects/Sabina/Skeleton_writer/CMakeFiles/CMakeTmp']
  ignore line: [/usr/bin/cmake -E cmake_progress_report /home/patrick/projects/Sabina/Skeleton_writer/CMakeFiles/CMakeTmp/CMakeFiles 1]
  ignore line: [Building CXX object CMakeFiles/cmTryCompileExec1825886107.dir/CMakeCXXCompilerABI.cpp.o]
  ignore line: [/usr/bin/c++     -o CMakeFiles/cmTryCompileExec1825886107.dir/CMakeCXXCompilerABI.cpp.o -c /usr/share/cmake/Modules/CMakeCXXCompilerABI.cpp]
  ignore line: [Linking CXX executable cmTryCompileExec1825886107]
  ignore line: [/usr/bin/cmake -E cmake_link_script CMakeFiles/cmTryCompileExec1825886107.dir/link.txt --verbose=1]
  ignore line: [/usr/bin/c++        -v CMakeFiles/cmTryCompileExec1825886107.dir/CMakeCXXCompilerABI.cpp.o  -o cmTryCompileExec1825886107 -rdynamic  ]
  ignore line: [Usando especificaciones internas.]
  ignore line: [COLLECT_GCC=/usr/x86_64-pc-linux-gnu/gcc-bin/4.6.3/c++]
  ignore line: [COLLECT_LTO_WRAPPER=/usr/libexec/gcc/x86_64-pc-linux-gnu/4.6.3/lto-wrapper]
  ignore line: [Objetivo: x86_64-pc-linux-gnu]
  ignore line: [Configurado con: /var/tmp/portage/sys-devel/gcc-4.6.3/work/gcc-4.6.3/configure --prefix=/usr --bindir=/usr/x86_64-pc-linux-gnu/gcc-bin/4.6.3 --includedir=/usr/lib/gcc/x86_64-pc-linux-gnu/4.6.3/include --datadir=/usr/share/gcc-data/x86_64-pc-linux-gnu/4.6.3 --mandir=/usr/share/gcc-data/x86_64-pc-linux-gnu/4.6.3/man --infodir=/usr/share/gcc-data/x86_64-pc-linux-gnu/4.6.3/info --with-gxx-include-dir=/usr/lib/gcc/x86_64-pc-linux-gnu/4.6.3/include/g++-v4 --host=x86_64-pc-linux-gnu --build=x86_64-pc-linux-gnu --disable-altivec --disable-fixed-point --without-ppl --without-cloog --enable-lto --enable-nls --without-included-gettext --with-system-zlib --enable-obsolete --disable-werror --enable-secureplt --enable-multilib --enable-libmudflap --disable-libssp --enable-libgomp --with-python-dir=/share/gcc-data/x86_64-pc-linux-gnu/4.6.3/python --enable-checking=release --disable-libgcj --enable-libstdcxx-time --enable-languages=c,c++,fortran --enable-shared --enable-threads=posix --enable-__cxa_atexit --enable-clocale=gnu --enable-targets=all --with-bugurl=http://bugs.gentoo.org/ --with-pkgversion='Gentoo 4.6.3 p1.11, pie-0.5.2']
  ignore line: [Modelo de hilos: posix]
  ignore line: [gcc versi贸n 4.6.3 (Gentoo 4.6.3 p1.11, pie-0.5.2) ]
  ignore line: [COMPILER_PATH=/usr/libexec/gcc/x86_64-pc-linux-gnu/4.6.3/:/usr/libexec/gcc/x86_64-pc-linux-gnu/4.6.3/:/usr/libexec/gcc/x86_64-pc-linux-gnu/:/usr/lib/gcc/x86_64-pc-linux-gnu/4.6.3/:/usr/lib/gcc/x86_64-pc-linux-gnu/:/usr/lib/gcc/x86_64-pc-linux-gnu/4.6.3/../../../../x86_64-pc-linux-gnu/bin/]
  ignore line: [LIBRARY_PATH=/usr/lib/gcc/x86_64-pc-linux-gnu/4.6.3/:/usr/lib/gcc/x86_64-pc-linux-gnu/4.6.3/../../../../lib64/:/lib/../lib64/:/usr/lib/../lib64/:/usr/lib/gcc/x86_64-pc-linux-gnu/4.6.3/../../../../x86_64-pc-linux-gnu/lib/:/usr/lib/gcc/x86_64-pc-linux-gnu/4.6.3/../../../:/lib/:/usr/lib/]
  ignore line: [COLLECT_GCC_OPTIONS='-v' '-o' 'cmTryCompileExec1825886107' '-rdynamic' '-shared-libgcc' '-mtune=generic' '-march=x86-64']
  link line: [ /usr/libexec/gcc/x86_64-pc-linux-gnu/4.6.3/collect2 --eh-frame-hdr -m elf_x86_64 -export-dynamic -dynamic-linker /lib64/ld-linux-x86-64.so.2 -o cmTryCompileExec1825886107 /usr/lib/gcc/x86_64-pc-linux-gnu/4.6.3/../../../../lib64/crt1.o /usr/lib/gcc/x86_64-pc-linux-gnu/4.6.3/../../../../lib64/crti.o /usr/lib/gcc/x86_64-pc-linux-gnu/4.6.3/crtbegin.o -L/usr/lib/gcc/x86_64-pc-linux-gnu/4.6.3 -L/usr/lib/gcc/x86_64-pc-linux-gnu/4.6.3/../../../../lib64 -L/lib/../lib64 -L/usr/lib/../lib64 -L/usr/lib/gcc/x86_64-pc-linux-gnu/4.6.3/../../../../x86_64-pc-linux-gnu/lib -L/usr/lib/gcc/x86_64-pc-linux-gnu/4.6.3/../../.. CMakeFiles/cmTryCompileExec1825886107.dir/CMakeCXXCompilerABI.cpp.o -lstdc++ -lm -lgcc_s -lgcc -lc -lgcc_s -lgcc /usr/lib/gcc/x86_64-pc-linux-gnu/4.6.3/crtend.o /usr/lib/gcc/x86_64-pc-linux-gnu/4.6.3/../../../../lib64/crtn.o]
    arg [/usr/libexec/gcc/x86_64-pc-linux-gnu/4.6.3/collect2] ==> ignore
    arg [--eh-frame-hdr] ==> ignore
    arg [-m] ==> ignore
    arg [elf_x86_64] ==> ignore
    arg [-export-dynamic] ==> ignore
    arg [-dynamic-linker] ==> ignore
    arg [/lib64/ld-linux-x86-64.so.2] ==> ignore
    arg [-o] ==> ignore
    arg [cmTryCompileExec1825886107] ==> ignore
    arg [/usr/lib/gcc/x86_64-pc-linux-gnu/4.6.3/../../../../lib64/crt1.o] ==> ignore
    arg [/usr/lib/gcc/x86_64-pc-linux-gnu/4.6.3/../../../../lib64/crti.o] ==> ignore
    arg [/usr/lib/gcc/x86_64-pc-linux-gnu/4.6.3/crtbegin.o] ==> ignore
    arg [-L/usr/lib/gcc/x86_64-pc-linux-gnu/4.6.3] ==> dir [/usr/lib/gcc/x86_64-pc-linux-gnu/4.6.3]
    arg [-L/usr/lib/gcc/x86_64-pc-linux-gnu/4.6.3/../../../../lib64] ==> dir [/usr/lib/gcc/x86_64-pc-linux-gnu/4.6.3/../../../../lib64]
    arg [-L/lib/../lib64] ==> dir [/lib/../lib64]
    arg [-L/usr/lib/../lib64] ==> dir [/usr/lib/../lib64]
    arg [-L/usr/lib/gcc/x86_64-pc-linux-gnu/4.6.3/../../../../x86_64-pc-linux-gnu/lib] ==> dir [/usr/lib/gcc/x86_64-pc-linux-gnu/4.6.3/../../../../x86_64-pc-linux-gnu/lib]
    arg [-L/usr/lib/gcc/x86_64-pc-linux-gnu/4.6.3/../../..] ==> dir [/usr/lib/gcc/x86_64-pc-linux-gnu/4.6.3/../../..]
    arg [CMakeFiles/cmTryCompileExec1825886107.dir/CMakeCXXCompilerABI.cpp.o] ==> ignore
    arg [-lstdc++] ==> lib [stdc++]
    arg [-lm] ==> lib [m]
    arg [-lgcc_s] ==> lib [gcc_s]
    arg [-lgcc] ==> lib [gcc]
    arg [-lc] ==> lib [c]
    arg [-lgcc_s] ==> lib [gcc_s]
    arg [-lgcc] ==> lib [gcc]
    arg [/usr/lib/gcc/x86_64-pc-linux-gnu/4.6.3/crtend.o] ==> ignore
    arg [/usr/lib/gcc/x86_64-pc-linux-gnu/4.6.3/../../../../lib64/crtn.o] ==> ignore
  remove lib [gcc_s]
  remove lib [gcc]
  remove lib [gcc_s]
  remove lib [gcc]
  collapse dir [/usr/lib/gcc/x86_64-pc-linux-gnu/4.6.3] ==> [/usr/lib/gcc/x86_64-pc-linux-gnu/4.6.3]
  collapse dir [/usr/lib/gcc/x86_64-pc-linux-gnu/4.6.3/../../../../lib64] ==> [/usr/lib64]
  collapse dir [/lib/../lib64] ==> [/lib64]
  collapse dir [/usr/lib/../lib64] ==> [/usr/lib64]
  collapse dir [/usr/lib/gcc/x86_64-pc-linux-gnu/4.6.3/../../../../x86_64-pc-linux-gnu/lib] ==> [/usr/x86_64-pc-linux-gnu/lib]
  collapse dir [/usr/lib/gcc/x86_64-pc-linux-gnu/4.6.3/../../..] ==> [/usr/lib]
  implicit libs: [stdc++;m;c]
  implicit dirs: [/usr/lib/gcc/x86_64-pc-linux-gnu/4.6.3;/usr/lib64;/lib64;/usr/x86_64-pc-linux-gnu/lib;/usr/lib]


Determining if the function XOpenDisplay exists in the /usr/lib64/libX11.so;/usr/lib64/libXext.so passed with the following output:
Change Dir: /home/patrick/projects/Sabina/Skeleton_writer/CMakeFiles/CMakeTmp

Run Build Command:/usr/bin/gmake "cmTryCompileExec3975153123/fast"
/usr/bin/gmake -f CMakeFiles/cmTryCompileExec3975153123.dir/build.make CMakeFiles/cmTryCompileExec3975153123.dir/build
gmake[1]: se ingresa al directorio `/home/patrick/projects/Sabina/Skeleton_writer/CMakeFiles/CMakeTmp'
/usr/bin/cmake -E cmake_progress_report /home/patrick/projects/Sabina/Skeleton_writer/CMakeFiles/CMakeTmp/CMakeFiles 1
Building C object CMakeFiles/cmTryCompileExec3975153123.dir/CheckFunctionExists.c.o
/usr/bin/gcc   -DCHECK_FUNCTION_EXISTS=XOpenDisplay   -o CMakeFiles/cmTryCompileExec3975153123.dir/CheckFunctionExists.c.o   -c /usr/share/cmake/Modules/CheckFunctionExists.c
Linking C executable cmTryCompileExec3975153123
/usr/bin/cmake -E cmake_link_script CMakeFiles/cmTryCompileExec3975153123.dir/link.txt --verbose=1
/usr/bin/gcc     -DCHECK_FUNCTION_EXISTS=XOpenDisplay    CMakeFiles/cmTryCompileExec3975153123.dir/CheckFunctionExists.c.o  -o cmTryCompileExec3975153123 -rdynamic -lX11 -lXext 
gmake[1]: se sale del directorio `/home/patrick/projects/Sabina/Skeleton_writer/CMakeFiles/CMakeTmp'


Determining if the function gethostbyname exists passed with the following output:
Change Dir: /home/patrick/projects/Sabina/Skeleton_writer/CMakeFiles/CMakeTmp

Run Build Command:/usr/bin/gmake "cmTryCompileExec1881821820/fast"
/usr/bin/gmake -f CMakeFiles/cmTryCompileExec1881821820.dir/build.make CMakeFiles/cmTryCompileExec1881821820.dir/build
gmake[1]: se ingresa al directorio `/home/patrick/projects/Sabina/Skeleton_writer/CMakeFiles/CMakeTmp'
/usr/bin/cmake -E cmake_progress_report /home/patrick/projects/Sabina/Skeleton_writer/CMakeFiles/CMakeTmp/CMakeFiles 1
Building C object CMakeFiles/cmTryCompileExec1881821820.dir/CheckFunctionExists.c.o
/usr/bin/gcc   -DCHECK_FUNCTION_EXISTS=gethostbyname   -o CMakeFiles/cmTryCompileExec1881821820.dir/CheckFunctionExists.c.o   -c /usr/share/cmake/Modules/CheckFunctionExists.c
Linking C executable cmTryCompileExec1881821820
/usr/bin/cmake -E cmake_link_script CMakeFiles/cmTryCompileExec1881821820.dir/link.txt --verbose=1
/usr/bin/gcc     -DCHECK_FUNCTION_EXISTS=gethostbyname    CMakeFiles/cmTryCompileExec1881821820.dir/CheckFunctionExists.c.o  -o cmTryCompileExec1881821820 -rdynamic 
gmake[1]: se sale del directorio `/home/patrick/projects/Sabina/Skeleton_writer/CMakeFiles/CMakeTmp'


Determining if the function connect exists passed with the following output:
Change Dir: /home/patrick/projects/Sabina/Skeleton_writer/CMakeFiles/CMakeTmp

Run Build Command:/usr/bin/gmake "cmTryCompileExec3159316231/fast"
/usr/bin/gmake -f CMakeFiles/cmTryCompileExec3159316231.dir/build.make CMakeFiles/cmTryCompileExec3159316231.dir/build
gmake[1]: se ingresa al directorio `/home/patrick/projects/Sabina/Skeleton_writer/CMakeFiles/CMakeTmp'
/usr/bin/cmake -E cmake_progress_report /home/patrick/projects/Sabina/Skeleton_writer/CMakeFiles/CMakeTmp/CMakeFiles 1
Building C object CMakeFiles/cmTryCompileExec3159316231.dir/CheckFunctionExists.c.o
/usr/bin/gcc   -DCHECK_FUNCTION_EXISTS=connect   -o CMakeFiles/cmTryCompileExec3159316231.dir/CheckFunctionExists.c.o   -c /usr/share/cmake/Modules/CheckFunctionExists.c
Linking C executable cmTryCompileExec3159316231
/usr/bin/cmake -E cmake_link_script CMakeFiles/cmTryCompileExec3159316231.dir/link.txt --verbose=1
/usr/bin/gcc     -DCHECK_FUNCTION_EXISTS=connect    CMakeFiles/cmTryCompileExec3159316231.dir/CheckFunctionExists.c.o  -o cmTryCompileExec3159316231 -rdynamic 
gmake[1]: se sale del directorio `/home/patrick/projects/Sabina/Skeleton_writer/CMakeFiles/CMakeTmp'


Determining if the function remove exists passed with the following output:
Change Dir: /home/patrick/projects/Sabina/Skeleton_writer/CMakeFiles/CMakeTmp

Run Build Command:/usr/bin/gmake "cmTryCompileExec594776142/fast"
/usr/bin/gmake -f CMakeFiles/cmTryCompileExec594776142.dir/build.make CMakeFiles/cmTryCompileExec594776142.dir/build
gmake[1]: se ingresa al directorio `/home/patrick/projects/Sabina/Skeleton_writer/CMakeFiles/CMakeTmp'
/usr/bin/cmake -E cmake_progress_report /home/patrick/projects/Sabina/Skeleton_writer/CMakeFiles/CMakeTmp/CMakeFiles 1
Building C object CMakeFiles/cmTryCompileExec594776142.dir/CheckFunctionExists.c.o
/usr/bin/gcc   -DCHECK_FUNCTION_EXISTS=remove   -o CMakeFiles/cmTryCompileExec594776142.dir/CheckFunctionExists.c.o   -c /usr/share/cmake/Modules/CheckFunctionExists.c
Linking C executable cmTryCompileExec594776142
/usr/bin/cmake -E cmake_link_script CMakeFiles/cmTryCompileExec594776142.dir/link.txt --verbose=1
/usr/bin/gcc     -DCHECK_FUNCTION_EXISTS=remove    CMakeFiles/cmTryCompileExec594776142.dir/CheckFunctionExists.c.o  -o cmTryCompileExec594776142 -rdynamic 
gmake[1]: se sale del directorio `/home/patrick/projects/Sabina/Skeleton_writer/CMakeFiles/CMakeTmp'


Determining if the function shmat exists passed with the following output:
Change Dir: /home/patrick/projects/Sabina/Skeleton_writer/CMakeFiles/CMakeTmp

Run Build Command:/usr/bin/gmake "cmTryCompileExec2003454800/fast"
/usr/bin/gmake -f CMakeFiles/cmTryCompileExec2003454800.dir/build.make CMakeFiles/cmTryCompileExec2003454800.dir/build
gmake[1]: se ingresa al directorio `/home/patrick/projects/Sabina/Skeleton_writer/CMakeFiles/CMakeTmp'
/usr/bin/cmake -E cmake_progress_report /home/patrick/projects/Sabina/Skeleton_writer/CMakeFiles/CMakeTmp/CMakeFiles 1
Building C object CMakeFiles/cmTryCompileExec2003454800.dir/CheckFunctionExists.c.o
/usr/bin/gcc   -DCHECK_FUNCTION_EXISTS=shmat   -o CMakeFiles/cmTryCompileExec2003454800.dir/CheckFunctionExists.c.o   -c /usr/share/cmake/Modules/CheckFunctionExists.c
Linking C executable cmTryCompileExec2003454800
/usr/bin/cmake -E cmake_link_script CMakeFiles/cmTryCompileExec2003454800.dir/link.txt --verbose=1
/usr/bin/gcc     -DCHECK_FUNCTION_EXISTS=shmat    CMakeFiles/cmTryCompileExec2003454800.dir/CheckFunctionExists.c.o  -o cmTryCompileExec2003454800 -rdynamic 
gmake[1]: se sale del directorio `/home/patrick/projects/Sabina/Skeleton_writer/CMakeFiles/CMakeTmp'


Determining if the function IceConnectionNumber exists in the ICE passed with the following output:
Change Dir: /home/patrick/projects/Sabina/Skeleton_writer/CMakeFiles/CMakeTmp

Run Build Command:/usr/bin/gmake "cmTryCompileExec3011158886/fast"
/usr/bin/gmake -f CMakeFiles/cmTryCompileExec3011158886.dir/build.make CMakeFiles/cmTryCompileExec3011158886.dir/build
gmake[1]: se ingresa al directorio `/home/patrick/projects/Sabina/Skeleton_writer/CMakeFiles/CMakeTmp'
/usr/bin/cmake -E cmake_progress_report /home/patrick/projects/Sabina/Skeleton_writer/CMakeFiles/CMakeTmp/CMakeFiles 1
Building C object CMakeFiles/cmTryCompileExec3011158886.dir/CheckFunctionExists.c.o
/usr/bin/gcc   -DCHECK_FUNCTION_EXISTS=IceConnectionNumber   -o CMakeFiles/cmTryCompileExec3011158886.dir/CheckFunctionExists.c.o   -c /usr/share/cmake/Modules/CheckFunctionExists.c
Linking C executable cmTryCompileExec3011158886
/usr/bin/cmake -E cmake_link_script CMakeFiles/cmTryCompileExec3011158886.dir/link.txt --verbose=1
/usr/bin/gcc     -DCHECK_FUNCTION_EXISTS=IceConnectionNumber    CMakeFiles/cmTryCompileExec3011158886.dir/CheckFunctionExists.c.o  -o cmTryCompileExec3011158886 -rdynamic -lICE 
gmake[1]: se sale del directorio `/home/patrick/projects/Sabina/Skeleton_writer/CMakeFiles/CMakeTmp'


